<?xml version="1.0" encoding="UTF-8"?>
<!-- Generated by org.testng.reporters.JUnitReportReporter -->
<testsuite skipped="0" hostname="IBM548-PC0GJ1ML" name="com.training.functional.tests.RETC084AddNewUserExcelTestDB" tests="3" failures="0" timestamp="14 Feb 2019 17:55:26 GMT" time="68.530" errors="0">
  <testcase name="validLoginTest" time="6.671" classname="com.training.functional.tests.RETC084AddNewUserExcelTestDB"/>
  <testcase name="addNewUserTest" time="29.715" classname="com.training.functional.tests.RETC084AddNewUserExcelTestDB"/>
  <testcase name="addNewUserTest" time="32.144" classname="com.training.functional.tests.RETC084AddNewUserExcelTestDB"/>
</testsuite> <!-- com.training.functional.tests.RETC084AddNewUserExcelTestDB -->
