<?xml version="1.0" encoding="UTF-8"?>
<!-- Generated by org.testng.reporters.JUnitReportReporter -->
<testsuite skipped="0" hostname="IBM548-PC0GJ1ML" name="com.training.functional.tests.RETC052DeletePostTest" tests="2" failures="0" timestamp="05 Feb 2019 05:30:09 GMT" time="23.822" errors="0">
  <testcase name="validLoginTest" time="5.475" classname="com.training.functional.tests.RETC052DeletePostTest"/>
  <testcase name="deletePostTest" time="18.347" classname="com.training.functional.tests.RETC052DeletePostTest"/>
</testsuite> <!-- com.training.functional.tests.RETC052DeletePostTest -->
