<?xml version="1.0" encoding="UTF-8"?>
<!-- Generated by org.testng.reporters.JUnitReportReporter -->
<testsuite skipped="0" hostname="IBM548-PC0GJ1ML" name="com.training.functional.tests.RETC083AddMultiplePostExcelTest" tests="4" failures="0" timestamp="15 Feb 2019 10:01:33 GMT" time="80.558" errors="0">
  <testcase name="validLoginTest" time="9.558" classname="com.training.functional.tests.RETC083AddMultiplePostExcelTest"/>
  <testcase name="addMultiplePost" time="26.414" classname="com.training.functional.tests.RETC083AddMultiplePostExcelTest"/>
  <testcase name="addMultiplePost" time="21.835" classname="com.training.functional.tests.RETC083AddMultiplePostExcelTest"/>
  <testcase name="addMultiplePost" time="22.751" classname="com.training.functional.tests.RETC083AddMultiplePostExcelTest"/>
</testsuite> <!-- com.training.functional.tests.RETC083AddMultiplePostExcelTest -->
