<?xml version="1.0" encoding="UTF-8"?>
<!-- Generated by org.testng.reporters.JUnitReportReporter -->
<testsuite skipped="0" hostname="IBM548-PC0GJ1ML" name="com.training.functional.tests.RETC082AddMultipleRegionsExcelTest" tests="4" failures="0" timestamp="15 Feb 2019 05:13:46 GMT" time="21.064" errors="0">
  <testcase name="validLoginTest" time="6.540" classname="com.training.functional.tests.RETC082AddMultipleRegionsExcelTest"/>
  <testcase name="addMultipleRegions" time="4.774" classname="com.training.functional.tests.RETC082AddMultipleRegionsExcelTest"/>
  <testcase name="addMultipleRegions" time="4.408" classname="com.training.functional.tests.RETC082AddMultipleRegionsExcelTest"/>
  <testcase name="addMultipleRegions" time="5.342" classname="com.training.functional.tests.RETC082AddMultipleRegionsExcelTest"/>
</testsuite> <!-- com.training.functional.tests.RETC082AddMultipleRegionsExcelTest -->
