<?xml version="1.0" encoding="UTF-8"?>
<!-- Generated by org.testng.reporters.JUnitReportReporter -->
<testsuite skipped="0" hostname="IBM548-PC0GJ1ML" name="com.training.functional.tests.RETC022ChangeRoleOfUserTest" tests="3" failures="0" timestamp="05 Feb 2019 12:56:11 GMT" time="14.918" errors="0">
  <testcase name="validLoginTest" time="5.067" classname="com.training.functional.tests.RETC022ChangeRoleOfUserTest"/>
  <testcase name="createUserSub" time="6.418" classname="com.training.functional.tests.RETC022ChangeRoleOfUserTest"/>
  <testcase name="addNewUserAssert" time="3.433" classname="com.training.functional.tests.RETC022ChangeRoleOfUserTest"/>
</testsuite> <!-- com.training.functional.tests.RETC022ChangeRoleOfUserTest -->
