<?xml version="1.0" encoding="UTF-8"?>
<!-- Generated by org.testng.reporters.JUnitReportReporter -->
<testsuite skipped="0" hostname="IBM548-PC0GJ1ML" name="com.training.functional.tests.RETC025PropertiesPageTest" tests="3" failures="0" timestamp="31 Jan 2019 17:23:12 GMT" time="18.607" errors="0">
  <testcase name="validLoginTest" time="6.655" classname="com.training.functional.tests.RETC025PropertiesPageTest"/>
  <testcase name="userProperties" time="11.535" classname="com.training.functional.tests.RETC025PropertiesPageTest"/>
  <testcase name="adminPropertiesAssert" time="0.417" classname="com.training.functional.tests.RETC025PropertiesPageTest"/>
</testsuite> <!-- com.training.functional.tests.RETC025PropertiesPageTest -->
