<?xml version="1.0" encoding="UTF-8"?>
<!-- Generated by org.testng.reporters.JUnitReportReporter -->
<testsuite skipped="0" hostname="IBM548-PC0GJ1ML" name="com.training.functional.tests.RETC055AddNewCategoryPageTest" tests="2" failures="0" timestamp="05 Feb 2019 15:05:49 GMT" time="33.051" errors="0">
  <testcase name="validLoginTest" time="4.161" classname="com.training.functional.tests.RETC055AddNewCategoryPageTest"/>
  <testcase name="addNViewCommentsInBlogPageTest" time="28.890" classname="com.training.functional.tests.RETC055AddNewCategoryPageTest"/>
</testsuite> <!-- com.training.functional.tests.RETC055AddNewCategoryPageTest -->
