<?xml version="1.0" encoding="UTF-8"?>
<!-- Generated by org.testng.reporters.JUnitReportReporter -->
<testsuite skipped="0" hostname="IBM548-PC0GJ1ML" name="com.training.functional.tests.LoginTests" tests="1" failures="0" timestamp="22 Jan 2019 10:50:57 GMT" time="89.566" errors="0">
  <testcase name="validLoginTest" time="89.566" classname="com.training.functional.tests.LoginTests"/>
</testsuite> <!-- com.training.functional.tests.LoginTests -->
