<?xml version="1.0" encoding="UTF-8"?>
<!-- Generated by org.testng.reporters.JUnitReportReporter -->
<testsuite skipped="1" hostname="IBM548-PC0GJ1ML" name="com.training.regression.tests.LoginDBTest" tests="1" failures="0" timestamp="11 Feb 2019 04:59:00 GMT" time="0.000" errors="0">
  <testcase name="loginDBTest" time="0.000" classname="com.training.regression.tests.LoginDBTest">
    <skipped/>
  </testcase> <!-- loginDBTest -->
</testsuite> <!-- com.training.regression.tests.LoginDBTest -->
