<?xml version="1.0" encoding="UTF-8"?>
<!-- Generated by org.testng.reporters.JUnitReportReporter -->
<testsuite skipped="0" hostname="IBM548-PC0GJ1ML" name="com.training.functional.tests.RETC025PropertiesPageTest" tests="3" failures="0" timestamp="27 Jan 2019 11:00:11 GMT" time="126.252" errors="0">
  <testcase name="validLoginTest" time="74.425" classname="com.training.functional.tests.RETC025PropertiesPageTest"/>
  <testcase name="userProperties" time="51.390" classname="com.training.functional.tests.RETC025PropertiesPageTest"/>
  <testcase name="adminPropertiesAssert" time="0.437" classname="com.training.functional.tests.RETC025PropertiesPageTest"/>
</testsuite> <!-- com.training.functional.tests.RETC025PropertiesPageTest -->
