<?xml version="1.0" encoding="UTF-8"?>
<!-- Generated by org.testng.reporters.JUnitReportReporter -->
<testsuite skipped="0" hostname="IBM548-PC0GJ1ML" name="com.training.functional.tests.RETC024AddNewUserTest" tests="3" failures="0" timestamp="27 Jan 2019 12:48:53 GMT" time="82.319" errors="0">
  <testcase name="validLoginTest" time="29.745" classname="com.training.functional.tests.RETC024AddNewUserTest"/>
  <testcase name="addNewUserTest" time="52.075" classname="com.training.functional.tests.RETC024AddNewUserTest"/>
  <testcase name="addNewUserAssert" time="0.499" classname="com.training.functional.tests.RETC024AddNewUserTest"/>
</testsuite> <!-- com.training.functional.tests.RETC024AddNewUserTest -->
