<?xml version="1.0" encoding="UTF-8"?>
<!-- Generated by org.testng.reporters.JUnitReportReporter -->
<testsuite skipped="0" hostname="IBM548-PC0GJ1ML" name="com.training.functional.tests.RETC055AddNewCategoryPageInPostPageTest" tests="2" failures="0" timestamp="07 Feb 2019 10:21:07 GMT" time="35.338" errors="0">
  <testcase name="validLoginTest" time="5.377" classname="com.training.functional.tests.RETC055AddNewCategoryPageInPostPageTest"/>
  <testcase name="addNViewCommentsInBlogPageTest" time="29.961" classname="com.training.functional.tests.RETC055AddNewCategoryPageInPostPageTest"/>
</testsuite> <!-- com.training.functional.tests.RETC055AddNewCategoryPageInPostPageTest -->
