<?xml version="1.0" encoding="UTF-8"?>
<!-- Generated by org.testng.reporters.JUnitReportReporter -->
<testsuite skipped="0" hostname="IBM548-PC0GJ1ML" name="com.training.functional.tests.RETC023DeleteUserTest" tests="3" failures="0" timestamp="05 Feb 2019 13:04:43 GMT" time="17.464" errors="0">
  <testcase name="validLoginTest" time="5.745" classname="com.training.functional.tests.RETC023DeleteUserTest"/>
  <testcase name="DeleteUser" time="8.225" classname="com.training.functional.tests.RETC023DeleteUserTest"/>
  <testcase name="addNewUserAssert" time="3.494" classname="com.training.functional.tests.RETC023DeleteUserTest"/>
</testsuite> <!-- com.training.functional.tests.RETC023DeleteUserTest -->
