<?xml version="1.0" encoding="UTF-8"?>
<!-- Generated by org.testng.reporters.JUnitReportReporter -->
<testsuite skipped="0" hostname="IBM548-PC0GJ1ML" name="com.training.functional.tests.RETC054AddnViewCommentInBlogPageTest" tests="1" failures="0" timestamp="11 Feb 2019 08:51:55 GMT" time="59.534" errors="0">
  <testcase name="addnViewCommentInBlogPageTest" time="59.534" classname="com.training.functional.tests.RETC054AddnViewCommentInBlogPageTest"/>
</testsuite> <!-- com.training.functional.tests.RETC054AddnViewCommentInBlogPageTest -->
