<?xml version="1.0" encoding="UTF-8"?>
<!-- Generated by org.testng.reporters.JUnitReportReporter -->
<testsuite skipped="0" hostname="IBM548-PC0GJ1ML" name="com.training.functional.tests.RETC081FeaturesDisplayedInDatabaseTest" tests="2" failures="0" timestamp="15 Feb 2019 04:58:16 GMT" time="9.901" errors="0">
  <testcase name="validLoginTest" time="5.932" classname="com.training.functional.tests.RETC081FeaturesDisplayedInDatabaseTest"/>
  <testcase name="multipleFeaturesDisplayedinDB" time="3.969" classname="com.training.functional.tests.RETC081FeaturesDisplayedInDatabaseTest"/>
</testsuite> <!-- com.training.functional.tests.RETC081FeaturesDisplayedInDatabaseTest -->
