<?xml version="1.0" encoding="UTF-8"?>
<!-- Generated by org.testng.reporters.JUnitReportReporter -->
<testsuite skipped="0" hostname="IBM548-PC0GJ1ML" name="com.training.functional.tests.RETC053DisplayAllPropertiesInNewWindowTest" tests="2" failures="0" timestamp="05 Feb 2019 05:24:15 GMT" time="21.338" errors="0">
  <testcase name="validLoginTest" time="4.761" classname="com.training.functional.tests.RETC053DisplayAllPropertiesInNewWindowTest"/>
  <testcase name="displayPropertiesPageTest" time="16.577" classname="com.training.functional.tests.RETC053DisplayAllPropertiesInNewWindowTest"/>
</testsuite> <!-- com.training.functional.tests.RETC053DisplayAllPropertiesInNewWindowTest -->
