<?xml version="1.0" encoding="UTF-8"?>
<!-- Generated by org.testng.reporters.JUnitReportReporter -->
<testsuite skipped="0" hostname="IBM548-PC0GJ1ML" name="com.training.regression.tests.LoginExcelTest" tests="3" failures="0" timestamp="07 Feb 2019 03:58:00 GMT" time="44.894" errors="0">
  <testcase name="loginDBTest" time="16.701" classname="com.training.regression.tests.LoginExcelTest"/>
  <testcase name="loginDBTest" time="14.485" classname="com.training.regression.tests.LoginExcelTest"/>
  <testcase name="loginDBTest" time="13.708" classname="com.training.regression.tests.LoginExcelTest"/>
</testsuite> <!-- com.training.regression.tests.LoginExcelTest -->
