<?xml version="1.0" encoding="UTF-8"?>
<!-- Generated by org.testng.reporters.JUnitReportReporter -->
<testsuite skipped="0" hostname="IBM548-PC0GJ1ML" name="com.training.functional.tests.RETC024AddNewUserTest" tests="3" failures="0" timestamp="05 Feb 2019 13:15:00 GMT" time="49.248" errors="0">
  <testcase name="validLoginTest" time="4.786" classname="com.training.functional.tests.RETC024AddNewUserTest"/>
  <testcase name="addNewUserTest" time="43.992" classname="com.training.functional.tests.RETC024AddNewUserTest"/>
  <testcase name="addNewUserAssert" time="0.470" classname="com.training.functional.tests.RETC024AddNewUserTest"/>
</testsuite> <!-- com.training.functional.tests.RETC024AddNewUserTest -->
