<?xml version="1.0" encoding="UTF-8"?>
<!-- Generated by org.testng.reporters.JUnitReportReporter -->
<testsuite skipped="0" hostname="IBM548-PC0GJ1ML" name="com.training.functional.tests.RETC022ChangeRoleOfUserTest" tests="3" failures="0" timestamp="15 Feb 2019 10:50:21 GMT" time="20.180" errors="0">
  <testcase name="validLoginTest" time="7.485" classname="com.training.functional.tests.RETC022ChangeRoleOfUserTest"/>
  <testcase name="changeRolUser" time="9.079" classname="com.training.functional.tests.RETC022ChangeRoleOfUserTest"/>
  <testcase name="changedRoleUserAssert" time="3.616" classname="com.training.functional.tests.RETC022ChangeRoleOfUserTest"/>
</testsuite> <!-- com.training.functional.tests.RETC022ChangeRoleOfUserTest -->
