<?xml version="1.0" encoding="UTF-8"?>
<!-- Generated by org.testng.reporters.JUnitReportReporter -->
<testsuite skipped="0" hostname="IBM548-PC0GJ1ML" name="com.training.functional.tests.RETC021DelTagFromTagPageTest" tests="3" failures="0" timestamp="27 Jan 2019 12:46:15 GMT" time="107.605" errors="0">
  <testcase name="validLoginTest" time="29.899" classname="com.training.functional.tests.RETC021DelTagFromTagPageTest"/>
  <testcase name="delTagFromTagPage" time="74.278" classname="com.training.functional.tests.RETC021DelTagFromTagPageTest"/>
  <testcase name="delTagAssert" time="3.428" classname="com.training.functional.tests.RETC021DelTagFromTagPageTest"/>
</testsuite> <!-- com.training.functional.tests.RETC021DelTagFromTagPageTest -->
