<?xml version="1.0" encoding="UTF-8"?>
<!-- Generated by org.testng.reporters.JUnitReportReporter -->
<testsuite skipped="0" hostname="IBM548-PC0GJ1ML" name="com.training.functional.tests.RETC022ChangeRoleOfUserTest" tests="3" failures="0" timestamp="27 Jan 2019 12:33:55 GMT" time="140.267" errors="0">
  <testcase name="validLoginTest" time="31.429" classname="com.training.functional.tests.RETC022ChangeRoleOfUserTest"/>
  <testcase name="createUserSub" time="105.377" classname="com.training.functional.tests.RETC022ChangeRoleOfUserTest"/>
  <testcase name="addNewUserAssert" time="3.461" classname="com.training.functional.tests.RETC022ChangeRoleOfUserTest"/>
</testsuite> <!-- com.training.functional.tests.RETC022ChangeRoleOfUserTest -->
