<?xml version="1.0" encoding="UTF-8"?>
<!-- Generated by org.testng.reporters.JUnitReportReporter -->
<testsuite skipped="0" hostname="IBM548-PC0GJ1ML" name="com.training.functional.tests.RETC085PropertyAddedAndDisplayedTest" tests="2" failures="0" timestamp="15 Feb 2019 09:39:07 GMT" time="74.487" errors="0">
  <testcase name="validLoginTest" time="6.113" classname="com.training.functional.tests.RETC085PropertyAddedAndDisplayedTest"/>
  <testcase name="propertyAddedAndDisplayed" time="68.374" classname="com.training.functional.tests.RETC085PropertyAddedAndDisplayedTest"/>
</testsuite> <!-- com.training.functional.tests.RETC085PropertyAddedAndDisplayedTest -->
